{
  "stats": {
    "suites": 1,
    "tests": 1,
    "passes": 1,
    "pending": 0,
    "failures": 0,
    "start": "2026-06-17T15:08:37.073Z",
    "end": "2026-06-17T15:08:50.748Z",
    "duration": 13675,
    "testsRegistered": 1,
    "passPercent": 100,
    "pendingPercent": 0,
    "other": 0,
    "hasOther": false,
    "skipped": 0,
    "hasSkipped": false
  },
  "results": [
    {
      "uuid": "08fd7866-7f45-4716-8407-da9d82f9c368",
      "title": "",
      "fullFile": "C:\\Users\\srira\\OneDrive\\Desktop\\auralis-app\\auralis-selenium-real\\tests\\modules.test.js",
      "file": "\\tests\\modules.test.js",
      "beforeHooks": [],
      "afterHooks": [],
      "tests": [],
      "suites": [
        {
          "uuid": "c140e586-9361-407f-bb21-fd94c85c74ba",
          "title": "Dashboard Modules Test",
          "fullFile": "C:\\Users\\srira\\OneDrive\\Desktop\\auralis-app\\auralis-selenium-real\\tests\\modules.test.js",
          "file": "\\tests\\modules.test.js",
          "beforeHooks": [
            {
              "title": "\"before all\" hook in \"Dashboard Modules Test\"",
              "fullTitle": "Dashboard Modules Test \"before all\" hook in \"Dashboard Modules Test\"",
              "timedOut": false,
              "duration": 1273,
              "state": null,
              "speed": null,
              "pass": false,
              "fail": false,
              "pending": false,
              "context": null,
              "code": "driver = await new Builder()\n    .forBrowser(\"chrome\")\n    .build();",
              "err": {},
              "uuid": "e6468ae9-1b74-4c6d-a475-76ec0e94e850",
              "parentUUID": "c140e586-9361-407f-bb21-fd94c85c74ba",
              "isHook": true,
              "skipped": false
            }
          ],
          "afterHooks": [
            {
              "title": "\"after all\" hook in \"Dashboard Modules Test\"",
              "fullTitle": "Dashboard Modules Test \"after all\" hook in \"Dashboard Modules Test\"",
              "timedOut": false,
              "duration": 75,
              "state": null,
              "speed": null,
              "pass": false,
              "fail": false,
              "pending": false,
              "context": null,
              "code": "await driver.quit();",
              "err": {},
              "uuid": "0d16924e-5afd-4fd0-8d1d-e94d1bbf57c1",
              "parentUUID": "c140e586-9361-407f-bb21-fd94c85c74ba",
              "isHook": true,
              "skipped": false
            }
          ],
          "tests": [
            {
              "title": "should verify all dashboard modules exist",
              "fullTitle": "Dashboard Modules Test should verify all dashboard modules exist",
              "timedOut": false,
              "duration": 12317,
              "state": "passed",
              "speed": "slow",
              "pass": true,
              "fail": false,
              "pending": false,
              "context": null,
              "code": "await driver.get(\n            \"https://auralis-sriram.base44.app/login\"\n        );\n        await driver.sleep(2000);\n        await driver.findElement(\n            By.css(\"input[type='email']\")\n        ).sendKeys(\n            \"sriramv2116.sse@saveetha.com\"\n        );\n        await driver.findElement(\n            By.css(\"input[type='password']\")\n        ).sendKeys(\n            \"12345678\"\n        );\n        await driver.findElement(\n            By.css(\"button[type='submit']\")\n        ).click();\n        await driver.sleep(7000);\n        const body = await driver\n            .findElement(By.tagName(\"body\"))\n            .getText();\n        const modules = [\n            \"Journey\",\n            \"Guardian\",\n            \"Analytics\",\n            \"Incidents\",\n            \"Modes\",\n            \"Community\",\n            \"Report\",\n            \"Guardian Hub\"\n        ];\n        for(const module of modules){\n            console.log(\n                \"Checking:\",\n                module\n            );\n            assert.ok(\n                body.includes(module),\n                `${module} not found`\n            );\n        }",
              "err": {},
              "uuid": "c4874383-f722-4e8a-a089-49dda44f3c53",
              "parentUUID": "c140e586-9361-407f-bb21-fd94c85c74ba",
              "isHook": false,
              "skipped": false
            }
          ],
          "suites": [],
          "passes": [
            "c4874383-f722-4e8a-a089-49dda44f3c53"
          ],
          "failures": [],
          "pending": [],
          "skipped": [],
          "duration": 12317,
          "root": false,
          "rootEmpty": false,
          "_timeout": 60000
        }
      ],
      "passes": [],
      "failures": [],
      "pending": [],
      "skipped": [],
      "duration": 0,
      "root": true,
      "rootEmpty": true,
      "_timeout": 2000
    }
  ],
  "meta": {
    "mocha": {
      "version": "11.7.6"
    },
    "mochawesome": {
      "options": {
        "quiet": false,
        "reportFilename": "mochawesome",
        "saveHtml": true,
        "saveJson": true,
        "consoleReporter": "spec",
        "useInlineDiffs": false,
        "code": true
      },
      "version": "7.1.4"
    },
    "marge": {
      "options": null,
      "version": "6.3.2"
    }
  }
}